<?xml version="1.0" encoding="utf-8"?><testsuites name="pytest tests"><testsuite name="pytest" errors="0" failures="1" skipped="0" tests="34" time="17.490" timestamp="2026-02-24T18:53:12.976905+00:00" hostname="agent-env-270ba18a-8782-477a-b5b3-4a5af9cf0540"><testcase classname="backend.tests.test_reminders_api.TestHealthCheck" name="test_health_check" time="0.270" /><testcase classname="backend.tests.test_reminders_api.TestHealthCheck" name="test_root_endpoint" time="0.168" /><testcase classname="backend.tests.test_reminders_api.TestRemindersCRUD" name="test_get_all_reminders" time="0.129" /><testcase classname="backend.tests.test_reminders_api.TestRemindersCRUD" name="test_create_meet_reminder" time="0.412" /><testcase classname="backend.tests.test_reminders_api.TestRemindersCRUD" name="test_create_call_reminder_with_plus_phone" time="0.434" /><testcase classname="backend.tests.test_reminders_api.TestRemindersCRUD" name="test_create_sms_reminder" time="0.347" /><testcase classname="backend.tests.test_reminders_api.TestRemindersCRUD" name="test_create_whatsapp_reminder" time="0.253" /><testcase classname="backend.tests.test_reminders_api.TestRemindersCRUD" name="test_create_deskwork_reminder" time="0.435" /><testcase classname="backend.tests.test_reminders_api.TestRemindersCRUD" name="test_delete_reminder" time="0.437" /><testcase classname="backend.tests.test_reminders_api.TestRemindersCRUD" name="test_delete_non_existent_reminder" time="0.129"><failure message="assert 500 == 404&#10; +  where 500 = &lt;Response [500]&gt;.status_code">backend/tests/test_reminders_api.py:202: in test_delete_non_existent_reminder
    assert response.status_code == 404
E   assert 500 == 404
E    +  where 500 = &lt;Response [500]&gt;.status_code</failure></testcase><testcase classname="backend.tests.test_reminders_api.TestRemindersCRUD" name="test_complete_reminder" time="0.628" /><testcase classname="backend.tests.test_reminders_api.TestNotesAPI" name="test_get_notes" time="0.169" /><testcase classname="backend.tests.test_reminders_api.TestNotesAPI" name="test_create_and_delete_note" time="0.511" /><testcase classname="backend.tests.test_reminders_api.TestVoiceEndpoints" name="test_voice_command_open_app" time="0.131" /><testcase classname="backend.tests.test_reminders_api.TestVoiceEndpoints" name="test_voice_command_create_reminder" time="0.131" /><testcase classname="backend.tests.test_reminders_api.TestVoiceEndpoints" name="test_voice_command_whatsapp_reminder" time="0.162" /><testcase classname="backend.tests.test_reminders_api.TestVoiceEndpoints" name="test_voice_command_unknown" time="0.158" /><testcase classname="backend.tests.test_reminders_api.TestGoogleContacts" name="test_google_contacts_placeholder" time="0.168" /><testcase classname="backend.tests.test_scheduling_features.TestAutoExecuteScheduling" name="test_create_reminder_with_auto_execute_true" time="0.323" /><testcase classname="backend.tests.test_scheduling_features.TestAutoExecuteScheduling" name="test_create_reminder_with_auto_execute_false" time="0.320" /><testcase classname="backend.tests.test_scheduling_features.TestAutoExecuteScheduling" name="test_create_reminder_auto_execute_default" time="0.236" /><testcase classname="backend.tests.test_scheduling_features.TestAutoExecuteScheduling" name="test_auto_execute_for_call_type" time="0.273" /><testcase classname="backend.tests.test_scheduling_features.TestAutoExecuteScheduling" name="test_auto_execute_for_sms_type" time="0.284" /><testcase classname="backend.tests.test_scheduling_features.TestAutoExecuteScheduling" name="test_auto_execute_for_whatsapp_type" time="0.270" /><testcase classname="backend.tests.test_scheduling_features.TestTriggeredRemindersEndpoint" name="test_get_triggered_reminders_endpoint_exists" time="0.113" /><testcase classname="backend.tests.test_scheduling_features.TestTriggeredRemindersEndpoint" name="test_triggered_reminders_empty_when_no_triggered" time="0.169" /><testcase classname="backend.tests.test_scheduling_features.TestMarkExecutedEndpoint" name="test_mark_executed_endpoint" time="0.499" /><testcase classname="backend.tests.test_scheduling_features.TestMarkExecutedEndpoint" name="test_mark_executed_non_existent" time="0.183" /><testcase classname="backend.tests.test_scheduling_features.TestSchedulerStatus" name="test_health_includes_scheduler_status" time="0.133" /><testcase classname="backend.tests.test_scheduling_features.TestSchedulerStatus" name="test_scheduler_is_running" time="0.144" /><testcase classname="backend.tests.test_scheduling_features.TestSchedulerStatus" name="test_api_version_updated" time="0.157" /><testcase classname="backend.tests.test_scheduling_features.TestAutoExecuteTriggerFlow" name="test_auto_execute_trigger_within_time" time="8.551" /><testcase classname="backend.tests.test_scheduling_features.TestScheduledTimeValidation" name="test_scheduled_time_stored_correctly" time="0.347" /><testcase classname="backend.tests.test_scheduling_features.TestScheduledTimeValidation" name="test_scheduled_time_in_past_still_creates" time="0.295" /></testsuite></testsuites>