<?xml version="1.0" encoding="utf-8"?><testsuites name="pytest tests"><testsuite name="pytest" errors="0" failures="0" skipped="0" tests="14" time="0.207" timestamp="2026-03-25T18:59:00.560304+00:00" hostname="agent-env-ed3a29cf-82c5-4aec-b691-5b80f90975f1"><testcase classname="backend.tests.test_auth_api.TestAuthRegister" name="test_register_success" time="0.007" /><testcase classname="backend.tests.test_auth_api.TestAuthRegister" name="test_register_without_name" time="0.004" /><testcase classname="backend.tests.test_auth_api.TestAuthRegister" name="test_register_duplicate_email_returns_400" time="0.007" /><testcase classname="backend.tests.test_auth_api.TestAuthLogin" name="test_login_success" time="0.007" /><testcase classname="backend.tests.test_auth_api.TestAuthLogin" name="test_login_wrong_password_returns_401" time="0.006" /><testcase classname="backend.tests.test_auth_api.TestAuthLogin" name="test_login_nonexistent_email_returns_401" time="0.003" /><testcase classname="backend.tests.test_auth_api.TestAuthMe" name="test_get_me_with_valid_token" time="0.005" /><testcase classname="backend.tests.test_auth_api.TestAuthMe" name="test_get_me_without_token_returns_401" time="0.002" /><testcase classname="backend.tests.test_auth_api.TestAuthMe" name="test_get_me_with_invalid_token_returns_401" time="0.002" /><testcase classname="backend.tests.test_auth_api.TestAuthLogout" name="test_logout_invalidates_token" time="0.011" /><testcase classname="backend.tests.test_auth_api.TestAuthLogout" name="test_logout_without_token_returns_401" time="0.002" /><testcase classname="backend.tests.test_auth_api.TestRemindersMigrate" name="test_migrate_reminders_success" time="0.032" /><testcase classname="backend.tests.test_auth_api.TestRemindersMigrate" name="test_migrate_multiple_device_ids" time="0.028" /><testcase classname="backend.tests.test_auth_api.TestAuthWithProvidedCredentials" name="test_register_with_provided_credentials" time="0.005" /></testsuite></testsuites>