<?xml version="1.0" encoding="utf-8"?><testsuites name="pytest tests"><testsuite name="pytest" errors="0" failures="0" skipped="0" tests="12" time="1.686" timestamp="2026-03-28T06:41:19.627550+00:00" hostname="agent-env-f6e5dc27-73c1-4d2b-8afc-f73405aeec78"><testcase classname="backend.tests.test_contact_sources.TestContactSources" name="test_contact_sources_returns_list" time="0.208" /><testcase classname="backend.tests.test_contact_sources.TestContactSources" name="test_contact_sources_sorted_by_count" time="0.136" /><testcase classname="backend.tests.test_contact_sources.TestContactSources" name="test_contact_sources_has_android_device" time="0.113" /><testcase classname="backend.tests.test_contact_sources.TestContactsByDeviceId" name="test_get_contacts_for_device" time="0.171" /><testcase classname="backend.tests.test_contact_sources.TestContactsByDeviceId" name="test_get_contacts_total_count" time="0.120" /><testcase classname="backend.tests.test_contact_sources.TestContactsByDeviceId" name="test_get_contacts_search" time="0.117" /><testcase classname="backend.tests.test_contact_sources.TestContactsByDeviceId" name="test_get_contacts_nonexistent_device" time="0.134" /><testcase classname="backend.tests.test_contact_sources.TestDashboardEndpoint" name="test_dashboard_serves_html" time="0.107" /><testcase classname="backend.tests.test_contact_sources.TestDashboardEndpoint" name="test_dashboard_contains_contact_sources_code" time="0.106" /><testcase classname="backend.tests.test_contact_sources.TestDashboardEndpoint" name="test_dashboard_contains_delegation_tab" time="0.102" /><testcase classname="backend.tests.test_contact_sources.TestAuthAndLogin" name="test_login_with_test_credentials" time="0.109" /><testcase classname="backend.tests.test_contact_sources.TestAuthAndLogin" name="test_get_employees_for_device" time="0.194" /></testsuite></testsuites>