<?xml version="1.0" encoding="utf-8"?><testsuites name="pytest tests"><testsuite name="pytest" errors="0" failures="1" skipped="0" tests="18" time="4.289" timestamp="2026-02-21T19:34:17.822651+00:00" hostname="agent-env-270ba18a-8782-477a-b5b3-4a5af9cf0540"><testcase classname="backend.tests.test_reminders_api.TestHealthCheck" name="test_health_check" time="0.298" /><testcase classname="backend.tests.test_reminders_api.TestHealthCheck" name="test_root_endpoint" time="0.118" /><testcase classname="backend.tests.test_reminders_api.TestRemindersCRUD" name="test_get_all_reminders" time="0.147" /><testcase classname="backend.tests.test_reminders_api.TestRemindersCRUD" name="test_create_meet_reminder" time="0.376" /><testcase classname="backend.tests.test_reminders_api.TestRemindersCRUD" name="test_create_call_reminder_with_plus_phone" time="0.447" /><testcase classname="backend.tests.test_reminders_api.TestRemindersCRUD" name="test_create_sms_reminder" time="0.261" /><testcase classname="backend.tests.test_reminders_api.TestRemindersCRUD" name="test_create_whatsapp_reminder" time="0.260" /><testcase classname="backend.tests.test_reminders_api.TestRemindersCRUD" name="test_create_deskwork_reminder" time="0.225" /><testcase classname="backend.tests.test_reminders_api.TestRemindersCRUD" name="test_delete_reminder" time="0.380" /><testcase classname="backend.tests.test_reminders_api.TestRemindersCRUD" name="test_delete_non_existent_reminder" time="0.116"><failure message="assert 520 == 404&#10; +  where 520 = &lt;Response [520]&gt;.status_code">backend/tests/test_reminders_api.py:202: in test_delete_non_existent_reminder
    assert response.status_code == 404
E   assert 520 == 404
E    +  where 520 = &lt;Response [520]&gt;.status_code</failure></testcase><testcase classname="backend.tests.test_reminders_api.TestRemindersCRUD" name="test_complete_reminder" time="0.458" /><testcase classname="backend.tests.test_reminders_api.TestNotesAPI" name="test_get_notes" time="0.285" /><testcase classname="backend.tests.test_reminders_api.TestNotesAPI" name="test_create_and_delete_note" time="0.250" /><testcase classname="backend.tests.test_reminders_api.TestVoiceEndpoints" name="test_voice_command_open_app" time="0.106" /><testcase classname="backend.tests.test_reminders_api.TestVoiceEndpoints" name="test_voice_command_create_reminder" time="0.112" /><testcase classname="backend.tests.test_reminders_api.TestVoiceEndpoints" name="test_voice_command_whatsapp_reminder" time="0.105" /><testcase classname="backend.tests.test_reminders_api.TestVoiceEndpoints" name="test_voice_command_unknown" time="0.108" /><testcase classname="backend.tests.test_reminders_api.TestGoogleContacts" name="test_google_contacts_placeholder" time="0.125" /></testsuite></testsuites>