<?xml version="1.0" encoding="utf-8"?><testsuites name="pytest tests"><testsuite name="pytest" errors="0" failures="1" skipped="0" tests="16" time="16.645" timestamp="2026-02-24T18:50:26.422570+00:00" hostname="agent-env-270ba18a-8782-477a-b5b3-4a5af9cf0540"><testcase classname="backend.tests.test_scheduling_features.TestAutoExecuteScheduling" name="test_create_reminder_with_auto_execute_true" time="0.546" /><testcase classname="backend.tests.test_scheduling_features.TestAutoExecuteScheduling" name="test_create_reminder_with_auto_execute_false" time="0.351" /><testcase classname="backend.tests.test_scheduling_features.TestAutoExecuteScheduling" name="test_create_reminder_auto_execute_default" time="0.353" /><testcase classname="backend.tests.test_scheduling_features.TestAutoExecuteScheduling" name="test_auto_execute_for_call_type" time="0.436" /><testcase classname="backend.tests.test_scheduling_features.TestAutoExecuteScheduling" name="test_auto_execute_for_sms_type" time="1.483" /><testcase classname="backend.tests.test_scheduling_features.TestAutoExecuteScheduling" name="test_auto_execute_for_whatsapp_type" time="0.831" /><testcase classname="backend.tests.test_scheduling_features.TestTriggeredRemindersEndpoint" name="test_get_triggered_reminders_endpoint_exists" time="0.266" /><testcase classname="backend.tests.test_scheduling_features.TestTriggeredRemindersEndpoint" name="test_triggered_reminders_empty_when_no_triggered" time="0.314" /><testcase classname="backend.tests.test_scheduling_features.TestMarkExecutedEndpoint" name="test_mark_executed_endpoint" time="1.103" /><testcase classname="backend.tests.test_scheduling_features.TestMarkExecutedEndpoint" name="test_mark_executed_non_existent" time="1.298"><failure message="assert 500 == 404&#10; +  where 500 = &lt;Response [500]&gt;.status_code">backend/tests/test_scheduling_features.py:212: in test_mark_executed_non_existent
    assert response.status_code == 404
E   assert 500 == 404
E    +  where 500 = &lt;Response [500]&gt;.status_code</failure></testcase><testcase classname="backend.tests.test_scheduling_features.TestSchedulerStatus" name="test_health_includes_scheduler_status" time="0.152" /><testcase classname="backend.tests.test_scheduling_features.TestSchedulerStatus" name="test_scheduler_is_running" time="0.135" /><testcase classname="backend.tests.test_scheduling_features.TestSchedulerStatus" name="test_api_version_updated" time="0.137" /><testcase classname="backend.tests.test_scheduling_features.TestAutoExecuteTriggerFlow" name="test_auto_execute_trigger_within_time" time="8.488" /><testcase classname="backend.tests.test_scheduling_features.TestScheduledTimeValidation" name="test_scheduled_time_stored_correctly" time="0.277" /><testcase classname="backend.tests.test_scheduling_features.TestScheduledTimeValidation" name="test_scheduled_time_in_past_still_creates" time="0.382" /></testsuite></testsuites>